
At	time	x	process	y	state	arr	w	total	z	remain	y	wait	k

At	time	1	process	1	ready	arr	1	remain	6	wait	0

At	time	1	process	1	started	arr	1	remain	6	wait	0

At	time	8	process	1	finished	arr	1	total	6	remain	-1	wait	1	TA	7	WTA	1.17

At	time	11	process	2	ready	arr	11	remain	23	wait	0

At	time	11	process	2	started	arr	11	remain	23	wait	0

At	time	19	process	3	ready	arr	19	remain	20	wait	0

At	time	29	process	4	ready	arr	29	remain	7	wait	0

At	time	34	process	2	finished	arr	11	total	23	remain	0	wait	0	TA	23	WTA	1.00

At	time	34	process	4	started	arr	29	remain	7	wait	5

At	time	41	process	4	finished	arr	29	total	7	remain	0	wait	5	TA	12	WTA	1.71

At	time	41	process	3	started	arr	19	remain	20	wait	22

At	time	61	process	3	finished	arr	19	total	20	remain	0	wait	22	TA	42	WTA	2.10

At	time	x	process	y	state	arr	w	total	z	remain	y	wait	k

At	time	1	process	1	ready	arr	1	remain	6	wait	0

At	time	1	process	1	started	arr	1	remain	6	wait	0

At	time	8	process	1	finished	arr	1	total	6	remain	-1	wait	1	TA	7	WTA	1.17

At	time	11	process	2	ready	arr	11	remain	23	wait	0

At	time	11	process	2	started	arr	11	remain	23	wait	0

At	time	19	process	3	ready	arr	19	remain	20	wait	0

At	time	29	process	4	ready	arr	29	remain	7	wait	0

At	time	35	process	2	finished	arr	11	total	23	remain	-1	wait	1	TA	24	WTA	1.04

At	time	35	process	4	started	arr	29	remain	7	wait	6

At	time	42	process	4	finished	arr	29	total	7	remain	0	wait	6	TA	13	WTA	1.86

At	time	42	process	3	started	arr	19	remain	20	wait	23

At	time	62	process	3	finished	arr	19	total	20	remain	0	wait	23	TA	43	WTA	2.15

At	time	x	process	y	state	arr	w	total	z	remain	y	wait	k

At	time	2	process	1	ready	arr	1	remain	6	wait	0

At	time	2	process	1	started	arr	1	remain	6	wait	0

At	time	8	process	1	finished	arr	1	total	6	remain	0	wait	1	TA	7	WTA	1.17

At	time	11	process	2	ready	arr	11	remain	23	wait	0

At	time	11	process	2	started	arr	11	remain	23	wait	0

At	time	19	process	3	ready	arr	19	remain	20	wait	0

At	time	29	process	4	ready	arr	29	remain	7	wait	0

At	time	35	process	2	finished	arr	11	total	23	remain	-1	wait	1	TA	24	WTA	1.04

At	time	35	process	4	started	arr	29	remain	7	wait	6

At	time	42	process	4	finished	arr	29	total	7	remain	0	wait	6	TA	13	WTA	1.86

At	time	42	process	3	started	arr	19	remain	20	wait	23

At	time	62	process	3	finished	arr	19	total	20	remain	0	wait	23	TA	43	WTA	2.15

At	time	x	process	y	state	arr	w	total	z	remain	y	wait	k

At	time	2	process	1	ready	arr	1	remain	6	wait	0

At	time	2	process	1	started	arr	1	remain	6	wait	0

At	time	8	process	1	finished	arr	1	total	6	remain	0	wait	1	TA	7	WTA	1.17

At	time	11	process	2	ready	arr	11	remain	23	wait	0

At	time	11	process	2	started	arr	11	remain	23	wait	0

At	time	19	process	3	ready	arr	19	remain	20	wait	0

At	time	29	process	4	ready	arr	29	remain	7	wait	0

At	time	35	process	2	finished	arr	11	total	23	remain	-1	wait	1	TA	24	WTA	1.04

At	time	35	process	4	started	arr	29	remain	7	wait	6

At	time	43	process	4	finished	arr	29	total	7	remain	-1	wait	7	TA	14	WTA	2.00

At	time	43	process	3	started	arr	19	remain	20	wait	24

At	time	63	process	3	finished	arr	19	total	20	remain	0	wait	24	TA	44	WTA	2.20

At	time	x	process	y	state	arr	w	total	z	remain	y	wait	k

At	time	1	process	1	ready	arr	1	remain	6	wait	0

At	time	2	process	1	started	arr	1	remain	6	wait	0

At	time	8	process	1	finished	arr	1	total	6	remain	0	wait	1	TA	7	WTA	1.17

At	time	12	process	2	ready	arr	11	remain	23	wait	0

At	time	12	process	2	started	arr	11	remain	23	wait	0

At	time	18	process	3	ready	arr	19	remain	20	wait	0

At	time	29	process	4	ready	arr	29	remain	7	wait	0

At	time	35	process	2	finished	arr	11	total	23	remain	0	wait	1	TA	24	WTA	1.04

At	time	35	process	4	started	arr	29	remain	7	wait	6

At	time	42	process	4	finished	arr	29	total	7	remain	0	wait	6	TA	13	WTA	1.86

At	time	42	process	3	started	arr	19	remain	20	wait	23

At	time	62	process	3	finished	arr	19	total	20	remain	0	wait	23	TA	43	WTA	2.15

At	time	x	process	y	state	arr	w	total	z	remain	y	wait	k

At	time	2	process	1	ready	arr	1	remain	6	wait	0

At	time	2	process	1	started	arr	1	remain	6	wait	0

At	time	8	process	1	finished	arr	1	total	6	remain	0	wait	1	TA	7	WTA	1.17

At	time	10	process	2	ready	arr	11	remain	23	wait	0

At	time	10	process	2	started	arr	11	remain	23	wait	0

At	time	19	process	3	ready	arr	19	remain	20	wait	0

At	time	29	process	4	ready	arr	29	remain	7	wait	0

At	time	34	process	2	finished	arr	11	total	23	remain	-1	wait	0	TA	23	WTA	1.00

At	time	34	process	4	started	arr	29	remain	7	wait	5

At	time	41	process	4	finished	arr	29	total	7	remain	0	wait	5	TA	12	WTA	1.71

At	time	41	process	3	started	arr	19	remain	20	wait	22

At	time	61	process	3	finished	arr	19	total	20	remain	0	wait	22	TA	42	WTA	2.10

At	time	x	process	y	state	arr	w	total	z	remain	y	wait	k

At	time	1	process	1	ready	arr	1	remain	6	wait	0

At	time	2	process	1	started	arr	1	remain	6	wait	0

At	time	8	process	1	finished	arr	1	total	6	remain	-1	wait	1	TA	7	WTA	1.17

At	time	11	process	2	ready	arr	11	remain	23	wait	0

At	time	11	process	2	started	arr	11	remain	23	wait	0

At	time	19	process	3	ready	arr	19	remain	20	wait	0

At	time	29	process	4	ready	arr	29	remain	7	wait	0

At	time	35	process	2	finished	arr	11	total	23	remain	-1	wait	1	TA	24	WTA	1.04

At	time	35	process	4	started	arr	29	remain	7	wait	6

At	time	42	process	4	finished	arr	29	total	7	remain	0	wait	6	TA	13	WTA	1.86

At	time	42	process	3	started	arr	19	remain	20	wait	23

At	time	62	process	3	finished	arr	19	total	20	remain	0	wait	23	TA	43	WTA	2.15

At	time	x	process	y	state	arr	w	total	z	remain	y	wait	k

At	time	1	process	1	ready	arr	1	remain	6	wait	0

At	time	1	process	1	started	arr	1	remain	6	wait	0

At	time	7	process	1	finished	arr	1	total	6	remain	0	wait	0	TA	6	WTA	1.00

At	time	10	process	2	ready	arr	11	remain	23	wait	0

At	time	10	process	2	started	arr	11	remain	23	wait	0

At	time	19	process	3	ready	arr	19	remain	20	wait	0

At	time	29	process	4	ready	arr	29	remain	7	wait	0

At	time	34	process	2	finished	arr	11	total	23	remain	-1	wait	0	TA	23	WTA	1.00

At	time	34	process	4	started	arr	29	remain	7	wait	5

At	time	41	process	4	finished	arr	29	total	7	remain	0	wait	5	TA	12	WTA	1.71

At	time	41	process	3	started	arr	19	remain	20	wait	22

At	time	61	process	3	finished	arr	19	total	20	remain	0	wait	22	TA	42	WTA	2.10

At	time	x	process	y	state	arr	w	total	z	remain	y	wait	k

At	time	1	process	1	ready	arr	1	remain	6	wait	0

At	time	2	process	1	started	arr	1	remain	6	wait	0

At	time	8	process	1	finished	arr	1	total	6	remain	0	wait	1	TA	7	WTA	1.17

At	time	11	process	2	ready	arr	11	remain	23	wait	0

At	time	11	process	2	started	arr	11	remain	23	wait	0

At	time	19	process	3	ready	arr	19	remain	20	wait	0

At	time	29	process	4	ready	arr	29	remain	7	wait	0

At	time	35	process	2	finished	arr	11	total	23	remain	-1	wait	1	TA	24	WTA	1.04

At	time	35	process	3	started	arr	19	remain	20	wait	16

At	time	55	process	3	finished	arr	19	total	20	remain	0	wait	16	TA	36	WTA	1.80

At	time	55	process	4	started	arr	29	remain	7	wait	26

At	time	62	process	4	finished	arr	29	total	7	remain	0	wait	26	TA	33	WTA	4.71

At	time	x	process	y	state	arr	w	total	z	remain	y	wait	k

At	time	1	process	1	ready	arr	1	remain	6	wait	0

At	time	2	process	1	started	arr	1	remain	6	wait	0

At	time	8	process	1	finished	arr	1	total	6	remain	0	wait	1	TA	7	WTA	1.17

At	time	11	process	2	ready	arr	11	remain	23	wait	0

At	time	11	process	2	started	arr	11	remain	23	wait	0

At	time	19	process	3	ready	arr	19	remain	20	wait	0

At	time	29	process	4	ready	arr	29	remain	7	wait	0

At	time	35	process	2	finished	arr	11	total	23	remain	-1	wait	1	TA	24	WTA	1.04

At	time	35	process	4	started	arr	29	remain	7	wait	6

At	time	43	process	4	finished	arr	29	total	7	remain	-1	wait	7	TA	14	WTA	2.00

At	time	43	process	3	started	arr	19	remain	20	wait	24

At	time	63	process	3	finished	arr	19	total	20	remain	0	wait	24	TA	44	WTA	2.20
